{"/Users/adrianabg/PROJ/breaking-bad/mocks/fileMock.js": {"path":"/Users/adrianabg/PROJ/breaking-bad/mocks/fileMock.js","statementMap":{},"fnMap":{},"branchMap":{},"s":{},"f":{},"b":{},"_coverageSchema":"1a1c01bbd47fc00a2c39e90264f33305004495a9","hash":"a760a1979ec6cd39e594e13260b1974536acde94"}
,"/Users/adrianabg/PROJ/breaking-bad/src/App.jsx": {"path":"/Users/adrianabg/PROJ/breaking-bad/src/App.jsx","statementMap":{"0":{"start":{"line":10,"column":2},"end":{"line":18,"column":4}}},"fnMap":{"0":{"name":"App","decl":{"start":{"line":9,"column":9},"end":{"line":9,"column":12}},"loc":{"start":{"line":9,"column":15},"end":{"line":19,"column":1}},"line":9}},"branchMap":{},"s":{"0":2},"f":{"0":2},"b":{},"_coverageSchema":"1a1c01bbd47fc00a2c39e90264f33305004495a9","hash":"dcf3b1bfe0d8ff6cc11707bda1abd99c619b3194"}
,"/Users/adrianabg/PROJ/breaking-bad/src/components/Character.jsx": {"path":"/Users/adrianabg/PROJ/breaking-bad/src/components/Character.jsx","statementMap":{"0":{"start":{"line":11,"column":18},"end":{"line":50,"column":1}},"1":{"start":{"line":12,"column":44},"end":{"line":12,"column":48}},"2":{"start":{"line":13,"column":61},"end":{"line":13,"column":82}},"3":{"start":{"line":15,"column":2},"end":{"line":49,"column":4}},"4":{"start":{"line":21,"column":10},"end":{"line":21,"column":28}},"5":{"start":{"line":22,"column":10},"end":{"line":22,"column":31}},"6":{"start":{"line":23,"column":10},"end":{"line":23,"column":30}}},"fnMap":{"0":{"name":"(anonymous_0)","decl":{"start":{"line":11,"column":18},"end":{"line":11,"column":19}},"loc":{"start":{"line":11,"column":32},"end":{"line":50,"column":1}},"line":11},"1":{"name":"(anonymous_1)","decl":{"start":{"line":20,"column":17},"end":{"line":20,"column":18}},"loc":{"start":{"line":20,"column":23},"end":{"line":24,"column":9}},"line":20}},"branchMap":{"0":{"loc":{"start":{"line":13,"column":61},"end":{"line":13,"column":82}},"type":"binary-expr","locations":[{"start":{"line":13,"column":61},"end":{"line":13,"column":76}},{"start":{"line":13,"column":80},"end":{"line":13,"column":82}}],"line":13}},"s":{"0":1,"1":0,"2":0,"3":0,"4":0,"5":0,"6":0},"f":{"0":0,"1":0},"b":{"0":[0,0]},"_coverageSchema":"1a1c01bbd47fc00a2c39e90264f33305004495a9","hash":"26320110662a4d961d8dc8e5c56e50c7fab1fbe5"}
,"/Users/adrianabg/PROJ/breaking-bad/src/components/Header.jsx": {"path":"/Users/adrianabg/PROJ/breaking-bad/src/components/Header.jsx","statementMap":{"0":{"start":{"line":4,"column":15},"end":{"line":15,"column":1}},"1":{"start":{"line":5,"column":4},"end":{"line":14,"column":6}}},"fnMap":{"0":{"name":"(anonymous_0)","decl":{"start":{"line":4,"column":15},"end":{"line":4,"column":16}},"loc":{"start":{"line":4,"column":21},"end":{"line":15,"column":1}},"line":4}},"branchMap":{},"s":{"0":2,"1":3},"f":{"0":3},"b":{},"_coverageSchema":"1a1c01bbd47fc00a2c39e90264f33305004495a9","hash":"5893faddd1a51d4142d488aa1b9bfababf729f1e"}
,"/Users/adrianabg/PROJ/breaking-bad/src/components/List.jsx": {"path":"/Users/adrianabg/PROJ/breaking-bad/src/components/List.jsx","statementMap":{"0":{"start":{"line":7,"column":13},"end":{"line":27,"column":1}},"1":{"start":{"line":8,"column":31},"end":{"line":8,"column":46}},"2":{"start":{"line":9,"column":4},"end":{"line":26,"column":5}},"3":{"start":{"line":19,"column":20},"end":{"line":22,"column":22}}},"fnMap":{"0":{"name":"(anonymous_0)","decl":{"start":{"line":7,"column":13},"end":{"line":7,"column":14}},"loc":{"start":{"line":7,"column":19},"end":{"line":27,"column":1}},"line":7},"1":{"name":"(anonymous_1)","decl":{"start":{"line":18,"column":27},"end":{"line":18,"column":28}},"loc":{"start":{"line":19,"column":20},"end":{"line":22,"column":22}},"line":19}},"branchMap":{"0":{"loc":{"start":{"line":9,"column":11},"end":{"line":26,"column":5}},"type":"cond-expr","locations":[{"start":{"line":9,"column":21},"end":{"line":9,"column":32}},{"start":{"line":10,"column":8},"end":{"line":25,"column":15}}],"line":9}},"s":{"0":1,"1":2,"2":2,"3":0},"f":{"0":2,"1":0},"b":{"0":[2,0]},"_coverageSchema":"1a1c01bbd47fc00a2c39e90264f33305004495a9","hash":"fb216482f139c3d9a0899dccfbaf4f5acb3eab05"}
,"/Users/adrianabg/PROJ/breaking-bad/src/components/Modal.jsx": {"path":"/Users/adrianabg/PROJ/breaking-bad/src/components/Modal.jsx","statementMap":{"0":{"start":{"line":13,"column":14},"end":{"line":76,"column":1}},"1":{"start":{"line":14,"column":48},"end":{"line":14,"column":63}},"2":{"start":{"line":15,"column":87},"end":{"line":15,"column":95}},"3":{"start":{"line":17,"column":23},"end":{"line":17,"column":58}},"4":{"start":{"line":18,"column":20},"end":{"line":18,"column":55}},"5":{"start":{"line":20,"column":2},"end":{"line":75,"column":4}}},"fnMap":{"0":{"name":"(anonymous_0)","decl":{"start":{"line":13,"column":14},"end":{"line":13,"column":15}},"loc":{"start":{"line":13,"column":20},"end":{"line":76,"column":1}},"line":13}},"branchMap":{"0":{"loc":{"start":{"line":17,"column":23},"end":{"line":17,"column":58}},"type":"binary-expr","locations":[{"start":{"line":17,"column":23},"end":{"line":17,"column":33}},{"start":{"line":17,"column":37},"end":{"line":17,"column":58}}],"line":17},"1":{"loc":{"start":{"line":18,"column":20},"end":{"line":18,"column":55}},"type":"binary-expr","locations":[{"start":{"line":18,"column":20},"end":{"line":18,"column":30}},{"start":{"line":18,"column":34},"end":{"line":18,"column":55}}],"line":18}},"s":{"0":1,"1":7,"2":2,"3":2,"4":2,"5":2},"f":{"0":7},"b":{"0":[2,0],"1":[2,0]},"_coverageSchema":"1a1c01bbd47fc00a2c39e90264f33305004495a9","hash":"04e39f963212483293c8b8f30aeb3b5a8bc200fd"}
,"/Users/adrianabg/PROJ/breaking-bad/src/components/Spinner.jsx": {"path":"/Users/adrianabg/PROJ/breaking-bad/src/components/Spinner.jsx","statementMap":{"0":{"start":{"line":4,"column":16},"end":{"line":10,"column":1}},"1":{"start":{"line":5,"column":4},"end":{"line":9,"column":6}}},"fnMap":{"0":{"name":"(anonymous_0)","decl":{"start":{"line":4,"column":16},"end":{"line":4,"column":17}},"loc":{"start":{"line":4,"column":22},"end":{"line":10,"column":1}},"line":4}},"branchMap":{},"s":{"0":1,"1":2},"f":{"0":2},"b":{},"_coverageSchema":"1a1c01bbd47fc00a2c39e90264f33305004495a9","hash":"2936365f52fab5fb606153485262d585b4b838f4"}
,"/Users/adrianabg/PROJ/breaking-bad/src/context/CharactersProvider.jsx": {"path":"/Users/adrianabg/PROJ/breaking-bad/src/context/CharactersProvider.jsx","statementMap":{"0":{"start":{"line":5,"column":26},"end":{"line":5,"column":41}},"1":{"start":{"line":7,"column":27},"end":{"line":61,"column":1}},"2":{"start":{"line":8,"column":30},"end":{"line":8,"column":42}},"3":{"start":{"line":9,"column":34},"end":{"line":9,"column":48}},"4":{"start":{"line":10,"column":32},"end":{"line":10,"column":46}},"5":{"start":{"line":11,"column":36},"end":{"line":11,"column":48}},"6":{"start":{"line":12,"column":30},"end":{"line":12,"column":45}},"7":{"start":{"line":14,"column":20},"end":{"line":14,"column":56}},"8":{"start":{"line":16,"column":4},"end":{"line":24,"column":11}},"9":{"start":{"line":17,"column":30},"end":{"line":22,"column":9}},"10":{"start":{"line":18,"column":24},"end":{"line":18,"column":47}},"11":{"start":{"line":19,"column":29},"end":{"line":19,"column":45}},"12":{"start":{"line":20,"column":12},"end":{"line":20,"column":27}},"13":{"start":{"line":21,"column":12},"end":{"line":21,"column":30}},"14":{"start":{"line":23,"column":8},"end":{"line":23,"column":24}},"15":{"start":{"line":26,"column":4},"end":{"line":35,"column":16}},"16":{"start":{"line":27,"column":27},"end":{"line":33,"column":9}},"17":{"start":{"line":28,"column":12},"end":{"line":28,"column":30}},"18":{"start":{"line":28,"column":24},"end":{"line":28,"column":30}},"19":{"start":{"line":29,"column":24},"end":{"line":29,"column":57}},"20":{"start":{"line":30,"column":29},"end":{"line":30,"column":45}},"21":{"start":{"line":31,"column":12},"end":{"line":31,"column":33}},"22":{"start":{"line":32,"column":12},"end":{"line":32,"column":34}},"23":{"start":{"line":34,"column":8},"end":{"line":34,"column":21}},"24":{"start":{"line":38,"column":25},"end":{"line":40,"column":5}},"25":{"start":{"line":39,"column":8},"end":{"line":39,"column":22}},"26":{"start":{"line":42,"column":29},"end":{"line":44,"column":5}},"27":{"start":{"line":43,"column":8},"end":{"line":43,"column":25}},"28":{"start":{"line":46,"column":4},"end":{"line":60,"column":6}}},"fnMap":{"0":{"name":"(anonymous_0)","decl":{"start":{"line":7,"column":27},"end":{"line":7,"column":28}},"loc":{"start":{"line":7,"column":45},"end":{"line":61,"column":1}},"line":7},"1":{"name":"(anonymous_1)","decl":{"start":{"line":16,"column":14},"end":{"line":16,"column":15}},"loc":{"start":{"line":16,"column":20},"end":{"line":24,"column":5}},"line":16},"2":{"name":"(anonymous_2)","decl":{"start":{"line":17,"column":30},"end":{"line":17,"column":31}},"loc":{"start":{"line":17,"column":42},"end":{"line":22,"column":9}},"line":17},"3":{"name":"(anonymous_3)","decl":{"start":{"line":26,"column":14},"end":{"line":26,"column":15}},"loc":{"start":{"line":26,"column":20},"end":{"line":35,"column":5}},"line":26},"4":{"name":"(anonymous_4)","decl":{"start":{"line":27,"column":27},"end":{"line":27,"column":28}},"loc":{"start":{"line":27,"column":39},"end":{"line":33,"column":9}},"line":27},"5":{"name":"(anonymous_5)","decl":{"start":{"line":38,"column":25},"end":{"line":38,"column":26}},"loc":{"start":{"line":38,"column":31},"end":{"line":40,"column":5}},"line":38},"6":{"name":"(anonymous_6)","decl":{"start":{"line":42,"column":29},"end":{"line":42,"column":30}},"loc":{"start":{"line":42,"column":35},"end":{"line":44,"column":5}},"line":42}},"branchMap":{"0":{"loc":{"start":{"line":28,"column":12},"end":{"line":28,"column":30}},"type":"if","locations":[{"start":{"line":28,"column":12},"end":{"line":28,"column":30}},{"start":{},"end":{}}],"line":28}},"s":{"0":1,"1":1,"2":2,"3":2,"4":2,"5":2,"6":2,"7":2,"8":2,"9":2,"10":2,"11":2,"12":0,"13":0,"14":2,"15":2,"16":2,"17":2,"18":2,"19":0,"20":0,"21":0,"22":0,"23":2,"24":2,"25":0,"26":2,"27":0,"28":2},"f":{"0":2,"1":2,"2":2,"3":2,"4":2,"5":0,"6":0},"b":{"0":[2,0]},"_coverageSchema":"1a1c01bbd47fc00a2c39e90264f33305004495a9","hash":"e99f3ae78daa218a06bc932dea8db2ecdf28888d"}
,"/Users/adrianabg/PROJ/breaking-bad/src/hooks/useCharacters.jsx": {"path":"/Users/adrianabg/PROJ/breaking-bad/src/hooks/useCharacters.jsx","statementMap":{"0":{"start":{"line":4,"column":22},"end":{"line":6,"column":1}},"1":{"start":{"line":5,"column":4},"end":{"line":5,"column":40}}},"fnMap":{"0":{"name":"(anonymous_0)","decl":{"start":{"line":4,"column":22},"end":{"line":4,"column":23}},"loc":{"start":{"line":4,"column":28},"end":{"line":6,"column":1}},"line":4}},"branchMap":{},"s":{"0":1,"1":9},"f":{"0":9},"b":{},"_coverageSchema":"1a1c01bbd47fc00a2c39e90264f33305004495a9","hash":"73bfed1ebaf1e6df37e59a22b72cfc173c1ebaee"}
}
