{"/Users/adrianabg/PROJ/breaking-bad/mocks/fileMock.js": {"path":"/Users/adrianabg/PROJ/breaking-bad/mocks/fileMock.js","statementMap":{},"fnMap":{},"branchMap":{},"s":{},"f":{},"b":{},"_coverageSchema":"1a1c01bbd47fc00a2c39e90264f33305004495a9","hash":"a760a1979ec6cd39e594e13260b1974536acde94"}
,"/Users/adrianabg/PROJ/breaking-bad/src/App.jsx": {"path":"/Users/adrianabg/PROJ/breaking-bad/src/App.jsx","statementMap":{"0":{"start":{"line":10,"column":2},"end":{"line":18,"column":4}}},"fnMap":{"0":{"name":"App","decl":{"start":{"line":9,"column":9},"end":{"line":9,"column":12}},"loc":{"start":{"line":9,"column":15},"end":{"line":19,"column":1}},"line":9}},"branchMap":{},"s":{"0":3},"f":{"0":3},"b":{},"_coverageSchema":"1a1c01bbd47fc00a2c39e90264f33305004495a9","hash":"dcf3b1bfe0d8ff6cc11707bda1abd99c619b3194"}
,"/Users/adrianabg/PROJ/breaking-bad/src/components/Character.jsx": {"path":"/Users/adrianabg/PROJ/breaking-bad/src/components/Character.jsx","statementMap":{"0":{"start":{"line":10,"column":18},"end":{"line":47,"column":1}},"1":{"start":{"line":11,"column":44},"end":{"line":11,"column":48}},"2":{"start":{"line":12,"column":61},"end":{"line":12,"column":82}},"3":{"start":{"line":14,"column":2},"end":{"line":46,"column":4}},"4":{"start":{"line":19,"column":10},"end":{"line":19,"column":28}},"5":{"start":{"line":20,"column":10},"end":{"line":20,"column":31}},"6":{"start":{"line":21,"column":10},"end":{"line":21,"column":30}}},"fnMap":{"0":{"name":"(anonymous_0)","decl":{"start":{"line":10,"column":18},"end":{"line":10,"column":19}},"loc":{"start":{"line":10,"column":32},"end":{"line":47,"column":1}},"line":10},"1":{"name":"(anonymous_1)","decl":{"start":{"line":18,"column":17},"end":{"line":18,"column":18}},"loc":{"start":{"line":18,"column":23},"end":{"line":22,"column":9}},"line":18}},"branchMap":{"0":{"loc":{"start":{"line":12,"column":61},"end":{"line":12,"column":82}},"type":"binary-expr","locations":[{"start":{"line":12,"column":61},"end":{"line":12,"column":76}},{"start":{"line":12,"column":80},"end":{"line":12,"column":82}}],"line":12}},"s":{"0":3,"1":0,"2":0,"3":0,"4":0,"5":0,"6":0},"f":{"0":0,"1":0},"b":{"0":[0,0]},"_coverageSchema":"1a1c01bbd47fc00a2c39e90264f33305004495a9","hash":"be57721fc28a60382e270218fea87e3439c1818d"}
,"/Users/adrianabg/PROJ/breaking-bad/src/components/Header.jsx": {"path":"/Users/adrianabg/PROJ/breaking-bad/src/components/Header.jsx","statementMap":{"0":{"start":{"line":4,"column":15},"end":{"line":15,"column":1}},"1":{"start":{"line":5,"column":4},"end":{"line":14,"column":6}}},"fnMap":{"0":{"name":"(anonymous_0)","decl":{"start":{"line":4,"column":15},"end":{"line":4,"column":16}},"loc":{"start":{"line":4,"column":21},"end":{"line":15,"column":1}},"line":4}},"branchMap":{},"s":{"0":2,"1":1},"f":{"0":1},"b":{},"_coverageSchema":"1a1c01bbd47fc00a2c39e90264f33305004495a9","hash":"5893faddd1a51d4142d488aa1b9bfababf729f1e"}
,"/Users/adrianabg/PROJ/breaking-bad/src/components/List.jsx": {"path":"/Users/adrianabg/PROJ/breaking-bad/src/components/List.jsx","statementMap":{"0":{"start":{"line":6,"column":13},"end":{"line":23,"column":1}},"1":{"start":{"line":7,"column":31},"end":{"line":7,"column":46}},"2":{"start":{"line":8,"column":4},"end":{"line":22,"column":5}},"3":{"start":{"line":15,"column":20},"end":{"line":18,"column":22}}},"fnMap":{"0":{"name":"(anonymous_0)","decl":{"start":{"line":6,"column":13},"end":{"line":6,"column":14}},"loc":{"start":{"line":6,"column":19},"end":{"line":23,"column":1}},"line":6},"1":{"name":"(anonymous_1)","decl":{"start":{"line":14,"column":27},"end":{"line":14,"column":28}},"loc":{"start":{"line":15,"column":20},"end":{"line":18,"column":22}},"line":15}},"branchMap":{"0":{"loc":{"start":{"line":8,"column":11},"end":{"line":22,"column":5}},"type":"cond-expr","locations":[{"start":{"line":8,"column":21},"end":{"line":8,"column":32}},{"start":{"line":9,"column":8},"end":{"line":21,"column":15}}],"line":8}},"s":{"0":2,"1":5,"2":0,"3":0},"f":{"0":5,"1":0},"b":{"0":[0,0]},"_coverageSchema":"1a1c01bbd47fc00a2c39e90264f33305004495a9","hash":"a1705c5d4332dc8152c7f83740401b7bc9f8bc6e"}
,"/Users/adrianabg/PROJ/breaking-bad/src/components/Modal.jsx": {"path":"/Users/adrianabg/PROJ/breaking-bad/src/components/Modal.jsx","statementMap":{"0":{"start":{"line":13,"column":14},"end":{"line":75,"column":1}},"1":{"start":{"line":14,"column":48},"end":{"line":14,"column":63}},"2":{"start":{"line":15,"column":87},"end":{"line":15,"column":95}},"3":{"start":{"line":17,"column":23},"end":{"line":17,"column":58}},"4":{"start":{"line":18,"column":20},"end":{"line":18,"column":55}},"5":{"start":{"line":20,"column":2},"end":{"line":74,"column":4}}},"fnMap":{"0":{"name":"(anonymous_0)","decl":{"start":{"line":13,"column":14},"end":{"line":13,"column":15}},"loc":{"start":{"line":13,"column":20},"end":{"line":75,"column":1}},"line":13}},"branchMap":{"0":{"loc":{"start":{"line":17,"column":23},"end":{"line":17,"column":58}},"type":"binary-expr","locations":[{"start":{"line":17,"column":23},"end":{"line":17,"column":33}},{"start":{"line":17,"column":37},"end":{"line":17,"column":58}}],"line":17},"1":{"loc":{"start":{"line":18,"column":20},"end":{"line":18,"column":55}},"type":"binary-expr","locations":[{"start":{"line":18,"column":20},"end":{"line":18,"column":30}},{"start":{"line":18,"column":34},"end":{"line":18,"column":55}}],"line":18}},"s":{"0":2,"1":0,"2":0,"3":0,"4":0,"5":0},"f":{"0":0},"b":{"0":[0,0],"1":[0,0]},"_coverageSchema":"1a1c01bbd47fc00a2c39e90264f33305004495a9","hash":"a4cf942b0847eb89cc9e8d798b5b98dbcf65c2bf"}
,"/Users/adrianabg/PROJ/breaking-bad/src/components/Spinner.jsx": {"path":"/Users/adrianabg/PROJ/breaking-bad/src/components/Spinner.jsx","statementMap":{"0":{"start":{"line":3,"column":16},"end":{"line":9,"column":1}},"1":{"start":{"line":4,"column":4},"end":{"line":8,"column":6}}},"fnMap":{"0":{"name":"(anonymous_0)","decl":{"start":{"line":3,"column":16},"end":{"line":3,"column":17}},"loc":{"start":{"line":3,"column":22},"end":{"line":9,"column":1}},"line":3}},"branchMap":{},"s":{"0":2,"1":0},"f":{"0":0},"b":{},"_coverageSchema":"1a1c01bbd47fc00a2c39e90264f33305004495a9","hash":"d1a73340c0e2121605315fa49c09cf32e945fbcf"}
,"/Users/adrianabg/PROJ/breaking-bad/src/context/CharactersProvider.jsx": {"path":"/Users/adrianabg/PROJ/breaking-bad/src/context/CharactersProvider.jsx","statementMap":{"0":{"start":{"line":4,"column":26},"end":{"line":4,"column":41}},"1":{"start":{"line":6,"column":27},"end":{"line":60,"column":1}},"2":{"start":{"line":7,"column":30},"end":{"line":7,"column":42}},"3":{"start":{"line":8,"column":34},"end":{"line":8,"column":48}},"4":{"start":{"line":9,"column":32},"end":{"line":9,"column":46}},"5":{"start":{"line":10,"column":36},"end":{"line":10,"column":48}},"6":{"start":{"line":11,"column":30},"end":{"line":11,"column":45}},"7":{"start":{"line":13,"column":20},"end":{"line":13,"column":56}},"8":{"start":{"line":15,"column":4},"end":{"line":23,"column":11}},"9":{"start":{"line":16,"column":30},"end":{"line":21,"column":9}},"10":{"start":{"line":17,"column":24},"end":{"line":17,"column":47}},"11":{"start":{"line":18,"column":29},"end":{"line":18,"column":45}},"12":{"start":{"line":19,"column":12},"end":{"line":19,"column":27}},"13":{"start":{"line":20,"column":12},"end":{"line":20,"column":30}},"14":{"start":{"line":22,"column":8},"end":{"line":22,"column":24}},"15":{"start":{"line":25,"column":4},"end":{"line":34,"column":16}},"16":{"start":{"line":26,"column":27},"end":{"line":32,"column":9}},"17":{"start":{"line":27,"column":12},"end":{"line":27,"column":30}},"18":{"start":{"line":27,"column":24},"end":{"line":27,"column":30}},"19":{"start":{"line":28,"column":24},"end":{"line":28,"column":57}},"20":{"start":{"line":29,"column":29},"end":{"line":29,"column":45}},"21":{"start":{"line":30,"column":12},"end":{"line":30,"column":33}},"22":{"start":{"line":31,"column":12},"end":{"line":31,"column":34}},"23":{"start":{"line":33,"column":8},"end":{"line":33,"column":21}},"24":{"start":{"line":37,"column":25},"end":{"line":39,"column":5}},"25":{"start":{"line":38,"column":8},"end":{"line":38,"column":22}},"26":{"start":{"line":41,"column":29},"end":{"line":43,"column":5}},"27":{"start":{"line":42,"column":8},"end":{"line":42,"column":25}},"28":{"start":{"line":45,"column":4},"end":{"line":59,"column":6}}},"fnMap":{"0":{"name":"(anonymous_0)","decl":{"start":{"line":6,"column":27},"end":{"line":6,"column":28}},"loc":{"start":{"line":6,"column":45},"end":{"line":60,"column":1}},"line":6},"1":{"name":"(anonymous_1)","decl":{"start":{"line":15,"column":14},"end":{"line":15,"column":15}},"loc":{"start":{"line":15,"column":20},"end":{"line":23,"column":5}},"line":15},"2":{"name":"(anonymous_2)","decl":{"start":{"line":16,"column":30},"end":{"line":16,"column":31}},"loc":{"start":{"line":16,"column":42},"end":{"line":21,"column":9}},"line":16},"3":{"name":"(anonymous_3)","decl":{"start":{"line":25,"column":14},"end":{"line":25,"column":15}},"loc":{"start":{"line":25,"column":20},"end":{"line":34,"column":5}},"line":25},"4":{"name":"(anonymous_4)","decl":{"start":{"line":26,"column":27},"end":{"line":26,"column":28}},"loc":{"start":{"line":26,"column":39},"end":{"line":32,"column":9}},"line":26},"5":{"name":"(anonymous_5)","decl":{"start":{"line":37,"column":25},"end":{"line":37,"column":26}},"loc":{"start":{"line":37,"column":31},"end":{"line":39,"column":5}},"line":37},"6":{"name":"(anonymous_6)","decl":{"start":{"line":41,"column":29},"end":{"line":41,"column":30}},"loc":{"start":{"line":41,"column":35},"end":{"line":43,"column":5}},"line":41}},"branchMap":{"0":{"loc":{"start":{"line":27,"column":12},"end":{"line":27,"column":30}},"type":"if","locations":[{"start":{"line":27,"column":12},"end":{"line":27,"column":30}},{"start":{},"end":{}}],"line":27}},"s":{"0":3,"1":3,"2":4,"3":4,"4":4,"5":4,"6":4,"7":4,"8":4,"9":0,"10":0,"11":0,"12":0,"13":0,"14":0,"15":4,"16":0,"17":0,"18":0,"19":0,"20":0,"21":0,"22":0,"23":0,"24":4,"25":0,"26":4,"27":0,"28":4},"f":{"0":4,"1":0,"2":0,"3":0,"4":0,"5":0,"6":0},"b":{"0":[0,0]},"_coverageSchema":"1a1c01bbd47fc00a2c39e90264f33305004495a9","hash":"02a13372b25029084ac2d942a45e90369ffce86d"}
,"/Users/adrianabg/PROJ/breaking-bad/src/hooks/useCharacters.jsx": {"path":"/Users/adrianabg/PROJ/breaking-bad/src/hooks/useCharacters.jsx","statementMap":{"0":{"start":{"line":4,"column":22},"end":{"line":6,"column":1}},"1":{"start":{"line":5,"column":4},"end":{"line":5,"column":40}}},"fnMap":{"0":{"name":"(anonymous_0)","decl":{"start":{"line":4,"column":22},"end":{"line":4,"column":23}},"loc":{"start":{"line":4,"column":28},"end":{"line":6,"column":1}},"line":4}},"branchMap":{},"s":{"0":3,"1":5},"f":{"0":5},"b":{},"_coverageSchema":"1a1c01bbd47fc00a2c39e90264f33305004495a9","hash":"73bfed1ebaf1e6df37e59a22b72cfc173c1ebaee"}
}
