TN:
SF:mocks\fileMock.js
FNF:0
FNH:0
LF:0
LH:0
BRF:0
BRH:0
end_of_record
TN:
SF:src\App.jsx
FN:9,App
FNF:1
FNH:1
FNDA:4,App
DA:10,4
LF:1
LH:1
BRF:0
BRH:0
end_of_record
TN:
SF:src\components\Character.jsx
FN:11,(anonymous_0)
FN:21,(anonymous_1)
FNF:2
FNH:2
FNDA:186,(anonymous_0)
FNDA:1,(anonymous_1)
DA:11,1
DA:12,186
DA:13,186
DA:15,186
DA:22,1
DA:23,1
LF:6
LH:6
BRDA:13,0,0,186
BRDA:13,0,1,0
BRF:2
BRH:1
end_of_record
TN:
SF:src\components\Header.jsx
FN:4,(anonymous_0)
FNF:1
FNH:1
FNDA:4,(anonymous_0)
DA:4,2
DA:5,4
LF:2
LH:2
BRF:0
BRH:0
end_of_record
TN:
SF:src\components\List.jsx
FN:7,(anonymous_0)
FN:18,(anonymous_1)
FNF:2
FNH:2
FNDA:6,(anonymous_0)
FNDA:186,(anonymous_1)
DA:7,1
DA:8,6
DA:9,6
DA:19,186
LF:4
LH:4
BRDA:9,0,0,3
BRDA:9,0,1,3
BRF:2
BRH:2
end_of_record
TN:
SF:src\components\Modal.jsx
FN:13,(anonymous_0)
FNF:1
FNH:1
FNDA:7,(anonymous_0)
DA:13,1
DA:14,7
DA:15,6
DA:17,6
DA:18,6
DA:20,6
LF:6
LH:6
BRDA:17,0,0,6
BRDA:17,0,1,0
BRDA:18,1,0,6
BRDA:18,1,1,0
BRF:4
BRH:2
end_of_record
TN:
SF:src\components\Spinner.jsx
FN:4,(anonymous_0)
FNF:1
FNH:1
FNDA:3,(anonymous_0)
DA:4,1
DA:5,3
LF:2
LH:2
BRF:0
BRH:0
end_of_record
TN:
SF:src\context\CharactersProvider.jsx
FN:7,(anonymous_0)
FN:16,(anonymous_1)
FN:17,(anonymous_2)
FN:26,(anonymous_3)
FN:27,(anonymous_4)
FN:37,(anonymous_5)
FN:41,(anonymous_6)
FNF:7
FNH:7
FNDA:6,(anonymous_0)
FNDA:3,(anonymous_1)
FNDA:3,(anonymous_2)
FNDA:4,(anonymous_3)
FNDA:4,(anonymous_4)
FNDA:1,(anonymous_5)
FNDA:2,(anonymous_6)
DA:5,1
DA:7,1
DA:8,6
DA:9,6
DA:10,6
DA:11,6
DA:12,6
DA:14,6
DA:16,6
DA:17,3
DA:18,3
DA:19,3
DA:20,3
DA:21,3
DA:23,3
DA:26,6
DA:27,4
DA:28,4
DA:29,1
DA:30,1
DA:31,0
DA:33,4
DA:37,6
DA:38,1
DA:41,6
DA:42,2
DA:45,6
LF:27
LH:26
BRDA:28,0,0,3
BRDA:28,0,1,1
BRF:2
BRH:2
end_of_record
TN:
SF:src\hooks\useCharacters.jsx
FN:4,(anonymous_0)
FNF:1
FNH:1
FNDA:199,(anonymous_0)
DA:4,1
DA:5,199
LF:2
LH:2
BRF:0
BRH:0
end_of_record
