TN:
SF:mocks/fileMock.js
FNF:0
FNH:0
LF:0
LH:0
BRF:0
BRH:0
end_of_record
TN:
SF:src/App.jsx
FN:9,App
FNF:1
FNH:1
FNDA:2,App
DA:10,2
LF:1
LH:1
BRF:0
BRH:0
end_of_record
TN:
SF:src/components/Character.jsx
FN:11,(anonymous_0)
FN:20,(anonymous_1)
FNF:2
FNH:0
FNDA:0,(anonymous_0)
FNDA:0,(anonymous_1)
DA:11,1
DA:12,0
DA:13,0
DA:15,0
DA:21,0
DA:22,0
DA:23,0
LF:7
LH:1
BRDA:13,0,0,0
BRDA:13,0,1,0
BRF:2
BRH:0
end_of_record
TN:
SF:src/components/Header.jsx
FN:4,(anonymous_0)
FNF:1
FNH:1
FNDA:3,(anonymous_0)
DA:4,2
DA:5,3
LF:2
LH:2
BRF:0
BRH:0
end_of_record
TN:
SF:src/components/List.jsx
FN:7,(anonymous_0)
FN:18,(anonymous_1)
FNF:2
FNH:1
FNDA:2,(anonymous_0)
FNDA:0,(anonymous_1)
DA:7,1
DA:8,2
DA:9,2
DA:19,0
LF:4
LH:3
BRDA:9,0,0,2
BRDA:9,0,1,0
BRF:2
BRH:1
end_of_record
TN:
SF:src/components/Modal.jsx
FN:13,(anonymous_0)
FNF:1
FNH:1
FNDA:7,(anonymous_0)
DA:13,1
DA:14,7
DA:15,2
DA:17,2
DA:18,2
DA:20,2
LF:6
LH:6
BRDA:17,0,0,2
BRDA:17,0,1,0
BRDA:18,1,0,2
BRDA:18,1,1,0
BRF:4
BRH:2
end_of_record
TN:
SF:src/components/Spinner.jsx
FN:4,(anonymous_0)
FNF:1
FNH:1
FNDA:2,(anonymous_0)
DA:4,1
DA:5,2
LF:2
LH:2
BRF:0
BRH:0
end_of_record
TN:
SF:src/context/CharactersProvider.jsx
FN:7,(anonymous_0)
FN:16,(anonymous_1)
FN:17,(anonymous_2)
FN:26,(anonymous_3)
FN:27,(anonymous_4)
FN:38,(anonymous_5)
FN:42,(anonymous_6)
FNF:7
FNH:5
FNDA:2,(anonymous_0)
FNDA:2,(anonymous_1)
FNDA:2,(anonymous_2)
FNDA:2,(anonymous_3)
FNDA:2,(anonymous_4)
FNDA:0,(anonymous_5)
FNDA:0,(anonymous_6)
DA:5,1
DA:7,1
DA:8,2
DA:9,2
DA:10,2
DA:11,2
DA:12,2
DA:14,2
DA:16,2
DA:17,2
DA:18,2
DA:19,2
DA:20,0
DA:21,0
DA:23,2
DA:26,2
DA:27,2
DA:28,2
DA:29,0
DA:30,0
DA:31,0
DA:32,0
DA:34,2
DA:38,2
DA:39,0
DA:42,2
DA:43,0
DA:46,2
LF:28
LH:20
BRDA:28,0,0,2
BRDA:28,0,1,0
BRF:2
BRH:1
end_of_record
TN:
SF:src/hooks/useCharacters.jsx
FN:4,(anonymous_0)
FNF:1
FNH:1
FNDA:9,(anonymous_0)
DA:4,1
DA:5,9
LF:2
LH:2
BRF:0
BRH:0
end_of_record
